<?xml version="1.0" encoding="UTF-8"?>
<!-- Generated by org.testng.reporters.JUnitReportReporter -->
<testsuite skipped="0" hostname="XIT-IND-LAP05" name="mavenlink.linkedin.homepage" tests="1" failures="0" timestamp="07 Jul 2018 18:33:52 GMT" time="316.687" errors="0">
  <testcase name="basepagenavigation" time="316.687" classname="mavenlink.linkedin.homepage"/>
</testsuite> <!-- mavenlink.linkedin.homepage -->
